[Container] 2024/11/18 03:32:38.837564 Running on CodeBuild On-demand
[Container] 2024/11/18 03:32:38.837596 Waiting for agent ping
[Container] 2024/11/18 03:32:40.243262 Waiting for DOWNLOAD_SOURCE
[Container] 2024/11/18 03:32:40.623721 Phase is DOWNLOAD_SOURCE
[Container] 2024/11/18 03:32:40.744466 CODEBUILD_SRC_DIR=/codebuild/output/src2040884540/src/github.com/Rozkboy/Devops.Lab02
[Container] 2024/11/18 03:32:40.744966 YAML location is /codebuild/output/src2040884540/src/github.com/Rozkboy/Devops.Lab02/buildspec.yml
[Container] 2024/11/18 03:32:40.747235 Setting HTTP client timeout to higher timeout for Github and GitHub Enterprise sources
[Container] 2024/11/18 03:32:40.747426 Processing environment variables
[Container] 2024/11/18 03:32:40.944865 Resolved 'python' runtime alias '3.x' to '3.12'.
[Container] 2024/11/18 03:32:40.944894 Selecting 'python' runtime version '3.12' based on manual selections...
[Container] 2024/11/18 03:32:40.945462 Running command echo "Installing Python version 3.12 ..."
Installing Python version 3.12 ...

[Container] 2024/11/18 03:32:40.951060 Running command pyenv global $PYTHON_312_VERSION

[Container] 2024/11/18 03:32:40.995576 Moving to directory /codebuild/output/src2040884540/src/github.com/Rozkboy/Devops.Lab02
[Container] 2024/11/18 03:32:40.998605 Unable to initialize cache download: no paths specified to be cached
[Container] 2024/11/18 03:32:40.998666 Configuring ssm agent with target id: codebuild:6399e60c-cbf7-443e-b646-13a4a5822764
[Container] 2024/11/18 03:32:40.999014 Successfully updated ssm agent configuration
[Container] 2024/11/18 03:32:40.999280 Registering with agent
[Container] 2024/11/18 03:32:41.148006 Phases found in YAML: 2
[Container] 2024/11/18 03:32:41.148037  BUILD: 7 commands
[Container] 2024/11/18 03:32:41.148042  INSTALL: 5 commands
[Container] 2024/11/18 03:32:41.148387 Phase complete: DOWNLOAD_SOURCE State: SUCCEEDED
[Container] 2024/11/18 03:32:41.148402 Phase context status code:  Message: 
[Container] 2024/11/18 03:32:41.310006 Entering phase INSTALL
[Container] 2024/11/18 03:32:41.455503 Running command echo Installing cfn-lint and taskcat
Installing cfn-lint and taskcat

[Container] 2024/11/18 03:32:41.461140 Running command pip install cfn-lint
Collecting cfn-lint
  Downloading cfn_lint-1.19.0-py3-none-any.whl.metadata (22 kB)
Requirement already satisfied: pyyaml>5.4 in /root/.pyenv/versions/3.12.4/lib/python3.12/site-packages (from cfn-lint) (5.4.1)
Collecting aws-sam-translator>=1.91.0 (from cfn-lint)
  Downloading aws_sam_translator-1.92.0-py3-none-any.whl.metadata (8.3 kB)
Collecting jsonpatch (from cfn-lint)
  Downloading jsonpatch-1.33-py2.py3-none-any.whl.metadata (3.0 kB)
Collecting networkx<4,>=2.4 (from cfn-lint)
  Downloading networkx-3.4.2-py3-none-any.whl.metadata (6.3 kB)
Collecting sympy>=1.0.0 (from cfn-lint)
  Downloading sympy-1.13.3-py3-none-any.whl.metadata (12 kB)
Collecting regex (from cfn-lint)
  Downloading regex-2024.11.6-cp312-cp312-manylinux_2_17_x86_64.manylinux2014_x86_64.whl.metadata (40 kB)
     ━━━━━━━━━━━━━━━━━━━━━━━━━━━━━━━━━━━━━━━━ 40.5/40.5 kB 8.1 MB/s eta 0:00:00
Collecting typing-extensions (from cfn-lint)
  Downloading typing_extensions-4.12.2-py3-none-any.whl.metadata (3.0 kB)
Requirement already satisfied: boto3==1.*,>=1.19.5 in /root/.pyenv/versions/3.12.4/lib/python3.12/site-packages (from aws-sam-translator>=1.91.0->cfn-lint) (1.35.46)
Collecting jsonschema<5,>=3.2 (from aws-sam-translator>=1.91.0->cfn-lint)
  Downloading jsonschema-4.23.0-py3-none-any.whl.metadata (7.9 kB)
Collecting pydantic!=1.10.15,!=1.10.17,<3,>=1.8 (from aws-sam-translator>=1.91.0->cfn-lint)
  Downloading pydantic-2.9.2-py3-none-any.whl.metadata (149 kB)
     ━━━━━━━━━━━━━━━━━━━━━━━━━━━━━━━━━━━━━━ 149.4/149.4 kB 20.0 MB/s eta 0:00:00
Requirement already satisfied: botocore<1.36.0,>=1.35.46 in /root/.pyenv/versions/3.12.4/lib/python3.12/site-packages (from boto3==1.*,>=1.19.5->aws-sam-translator>=1.91.0->cfn-lint) (1.35.46)
Requirement already satisfied: jmespath<2.0.0,>=0.7.1 in /root/.pyenv/versions/3.12.4/lib/python3.12/site-packages (from boto3==1.*,>=1.19.5->aws-sam-translator>=1.91.0->cfn-lint) (1.0.1)
Requirement already satisfied: s3transfer<0.11.0,>=0.10.0 in /root/.pyenv/versions/3.12.4/lib/python3.12/site-packages (from boto3==1.*,>=1.19.5->aws-sam-translator>=1.91.0->cfn-lint) (0.10.3)
Collecting mpmath<1.4,>=1.1.0 (from sympy>=1.0.0->cfn-lint)
  Downloading mpmath-1.3.0-py3-none-any.whl.metadata (8.6 kB)
Collecting jsonpointer>=1.9 (from jsonpatch->cfn-lint)
  Downloading jsonpointer-3.0.0-py2.py3-none-any.whl.metadata (2.3 kB)
Collecting attrs>=22.2.0 (from jsonschema<5,>=3.2->aws-sam-translator>=1.91.0->cfn-lint)
  Downloading attrs-24.2.0-py3-none-any.whl.metadata (11 kB)
Collecting jsonschema-specifications>=2023.03.6 (from jsonschema<5,>=3.2->aws-sam-translator>=1.91.0->cfn-lint)
  Downloading jsonschema_specifications-2024.10.1-py3-none-any.whl.metadata (3.0 kB)
Collecting referencing>=0.28.4 (from jsonschema<5,>=3.2->aws-sam-translator>=1.91.0->cfn-lint)
  Downloading referencing-0.35.1-py3-none-any.whl.metadata (2.8 kB)
Collecting rpds-py>=0.7.1 (from jsonschema<5,>=3.2->aws-sam-translator>=1.91.0->cfn-lint)
  Downloading rpds_py-0.21.0-cp312-cp312-manylinux_2_17_x86_64.manylinux2014_x86_64.whl.metadata (4.2 kB)
Collecting annotated-types>=0.6.0 (from pydantic!=1.10.15,!=1.10.17,<3,>=1.8->aws-sam-translator>=1.91.0->cfn-lint)
  Downloading annotated_types-0.7.0-py3-none-any.whl.metadata (15 kB)
Collecting pydantic-core==2.23.4 (from pydantic!=1.10.15,!=1.10.17,<3,>=1.8->aws-sam-translator>=1.91.0->cfn-lint)
  Downloading pydantic_core-2.23.4-cp312-cp312-manylinux_2_17_x86_64.manylinux2014_x86_64.whl.metadata (6.6 kB)
Requirement already satisfied: python-dateutil<3.0.0,>=2.1 in /root/.pyenv/versions/3.12.4/lib/python3.12/site-packages (from botocore<1.36.0,>=1.35.46->boto3==1.*,>=1.19.5->aws-sam-translator>=1.91.0->cfn-lint) (2.9.0.post0)
Requirement already satisfied: urllib3!=2.2.0,<3,>=1.25.4 in /root/.pyenv/versions/3.12.4/lib/python3.12/site-packages (from botocore<1.36.0,>=1.35.46->boto3==1.*,>=1.19.5->aws-sam-translator>=1.91.0->cfn-lint) (2.2.3)
Requirement already satisfied: six>=1.5 in /root/.pyenv/versions/3.12.4/lib/python3.12/site-packages (from python-dateutil<3.0.0,>=2.1->botocore<1.36.0,>=1.35.46->boto3==1.*,>=1.19.5->aws-sam-translator>=1.91.0->cfn-lint) (1.16.0)
Downloading cfn_lint-1.19.0-py3-none-any.whl (5.2 MB)
   ━━━━━━━━━━━━━━━━━━━━━━━━━━━━━━━━━━━━━━━━ 5.2/5.2 MB 93.5 MB/s eta 0:00:00
Downloading aws_sam_translator-1.92.0-py3-none-any.whl (383 kB)
   ━━━━━━━━━━━━━━━━━━━━━━━━━━━━━━━━━━━━━━━━ 383.7/383.7 kB 72.4 MB/s eta 0:00:00
Downloading networkx-3.4.2-py3-none-any.whl (1.7 MB)
   ━━━━━━━━━━━━━━━━━━━━━━━━━━━━━━━━━━━━━━━━ 1.7/1.7 MB 122.2 MB/s eta 0:00:00
Downloading sympy-1.13.3-py3-none-any.whl (6.2 MB)
   ━━━━━━━━━━━━━━━━━━━━━━━━━━━━━━━━━━━━━━━━ 6.2/6.2 MB 144.3 MB/s eta 0:00:00
Downloading typing_extensions-4.12.2-py3-none-any.whl (37 kB)
Downloading jsonpatch-1.33-py2.py3-none-any.whl (12 kB)
Downloading regex-2024.11.6-cp312-cp312-manylinux_2_17_x86_64.manylinux2014_x86_64.whl (796 kB)
   ━━━━━━━━━━━━━━━━━━━━━━━━━━━━━━━━━━━━━━━━ 796.9/796.9 kB 97.2 MB/s eta 0:00:00
Downloading jsonpointer-3.0.0-py2.py3-none-any.whl (7.6 kB)
Downloading jsonschema-4.23.0-py3-none-any.whl (88 kB)
   ━━━━━━━━━━━━━━━━━━━━━━━━━━━━━━━━━━━━━━━━ 88.5/88.5 kB 26.7 MB/s eta 0:00:00
Downloading mpmath-1.3.0-py3-none-any.whl (536 kB)
   ━━━━━━━━━━━━━━━━━━━━━━━━━━━━━━━━━━━━━━━━ 536.2/536.2 kB 93.5 MB/s eta 0:00:00
Downloading pydantic-2.9.2-py3-none-any.whl (434 kB)
   ━━━━━━━━━━━━━━━━━━━━━━━━━━━━━━━━━━━━━━━━ 434.9/434.9 kB 85.2 MB/s eta 0:00:00
Downloading pydantic_core-2.23.4-cp312-cp312-manylinux_2_17_x86_64.manylinux2014_x86_64.whl (2.1 MB)
   ━━━━━━━━━━━━━━━━━━━━━━━━━━━━━━━━━━━━━━━━ 2.1/2.1 MB 128.9 MB/s eta 0:00:00
Downloading annotated_types-0.7.0-py3-none-any.whl (13 kB)
Downloading attrs-24.2.0-py3-none-any.whl (63 kB)
   ━━━━━━━━━━━━━━━━━━━━━━━━━━━━━━━━━━━━━━━━ 63.0/63.0 kB 20.6 MB/s eta 0:00:00
Downloading jsonschema_specifications-2024.10.1-py3-none-any.whl (18 kB)
Downloading referencing-0.35.1-py3-none-any.whl (26 kB)
Downloading rpds_py-0.21.0-cp312-cp312-manylinux_2_17_x86_64.manylinux2014_x86_64.whl (364 kB)
   ━━━━━━━━━━━━━━━━━━━━━━━━━━━━━━━━━━━━━━━━ 364.2/364.2 kB 67.7 MB/s eta 0:00:00
Installing collected packages: mpmath, typing-extensions, sympy, rpds-py, regex, networkx, jsonpointer, attrs, annotated-types, referencing, pydantic-core, jsonpatch, pydantic, jsonschema-specifications, jsonschema, aws-sam-translator, cfn-lint
Successfully installed annotated-types-0.7.0 attrs-24.2.0 aws-sam-translator-1.92.0 cfn-lint-1.19.0 jsonpatch-1.33 jsonpointer-3.0.0 jsonschema-4.23.0 jsonschema-specifications-2024.10.1 mpmath-1.3.0 networkx-3.4.2 pydantic-2.9.2 pydantic-core-2.23.4 referencing-0.35.1 regex-2024.11.6 rpds-py-0.21.0 sympy-1.13.3 typing-extensions-4.12.2
WARNING: Running pip as the 'root' user can result in broken permissions and conflicting behaviour with the system package manager. It is recommended to use a virtual environment instead: https://pip.pypa.io/warnings/venv

[notice] A new release of pip is available: 24.0 -> 24.3.1
[notice] To update, run: pip install --upgrade pip

[Container] 2024/11/18 03:32:56.407308 Running command pip install taskcat
Collecting taskcat
  Downloading taskcat-0.9.55-py3-none-any.whl.metadata (1.2 kB)
Collecting GitPython>=3.1.43 (from taskcat)
  Downloading GitPython-3.1.43-py3-none-any.whl.metadata (13 kB)
Collecting PyYAML<7.0,>=6.0 (from taskcat)
  Downloading PyYAML-6.0.2-cp312-cp312-manylinux_2_17_x86_64.manylinux2014_x86_64.whl.metadata (2.1 kB)
Requirement already satisfied: boto3<2.0,>=1.9.21 in /root/.pyenv/versions/3.12.4/lib/python3.12/site-packages (from taskcat) (1.35.46)
Requirement already satisfied: botocore<2.0,>=1.12.21 in /root/.pyenv/versions/3.12.4/lib/python3.12/site-packages (from taskcat) (1.35.46)
Requirement already satisfied: cfn_lint<2.0,>=0.78.1 in /root/.pyenv/versions/3.12.4/lib/python3.12/site-packages (from taskcat) (1.19.0)
Collecting dataclasses-jsonschema<2.15.2,>=2.9.0 (from taskcat)
  Downloading dataclasses_jsonschema-2.15.1-py3-none-any.whl.metadata (7.2 kB)
Collecting docker<8.0,>=7.0 (from taskcat)
  Downloading docker-7.1.0-py3-none-any.whl.metadata (3.8 kB)
Collecting dulwich<1.0,>=0.19 (from taskcat)
  Downloading dulwich-0.22.6-cp312-cp312-manylinux_2_17_x86_64.manylinux2014_x86_64.whl.metadata (4.3 kB)
Collecting jinja2<4.0,>=3.1.1 (from taskcat)
  Downloading jinja2-3.1.4-py3-none-any.whl.metadata (2.6 kB)
Collecting jsonschema<4.0,>=3.0 (from taskcat)
  Downloading jsonschema-3.2.0-py2.py3-none-any.whl.metadata (7.8 kB)
Collecting markupsafe==2.0.1 (from taskcat)
  Downloading MarkupSafe-2.0.1.tar.gz (18 kB)
  Preparing metadata (setup.py): started
  Preparing metadata (setup.py): finished with status 'done'
Collecting pathspec==0.10.3 (from taskcat)
  Downloading pathspec-0.10.3-py3-none-any.whl.metadata (18 kB)
Requirement already satisfied: pip in /root/.pyenv/versions/3.12.4/lib/python3.12/site-packages (from taskcat) (24.0)
Collecting reprint (from taskcat)
  Downloading reprint-0.6.0-py2.py3-none-any.whl.metadata (469 bytes)
Collecting requests>=2.31.0 (from taskcat)
  Downloading requests-2.32.3-py3-none-any.whl.metadata (4.6 kB)
Requirement already satisfied: setuptools>=40.4.3 in /root/.pyenv/versions/3.12.4/lib/python3.12/site-packages (from taskcat) (67.7.2)
Collecting tabulate<1.0,>=0.8.2 (from taskcat)
  Downloading tabulate-0.9.0-py3-none-any.whl.metadata (34 kB)
Collecting urllib3<2 (from taskcat)
  Downloading urllib3-1.26.20-py2.py3-none-any.whl.metadata (50 kB)
     ━━━━━━━━━━━━━━━━━━━━━━━━━━━━━━━━━━━━━━━━ 50.1/50.1 kB 12.0 MB/s eta 0:00:00
Collecting yattag<2.0,>=1.10.0 (from taskcat)
  Downloading yattag-1.16.1.tar.gz (29 kB)
  Preparing metadata (setup.py): started
  Preparing metadata (setup.py): finished with status 'done'
Requirement already satisfied: jmespath<2.0.0,>=0.7.1 in /root/.pyenv/versions/3.12.4/lib/python3.12/site-packages (from boto3<2.0,>=1.9.21->taskcat) (1.0.1)
Requirement already satisfied: s3transfer<0.11.0,>=0.10.0 in /root/.pyenv/versions/3.12.4/lib/python3.12/site-packages (from boto3<2.0,>=1.9.21->taskcat) (0.10.3)
Requirement already satisfied: python-dateutil<3.0.0,>=2.1 in /root/.pyenv/versions/3.12.4/lib/python3.12/site-packages (from botocore<2.0,>=1.12.21->taskcat) (2.9.0.post0)
Requirement already satisfied: aws-sam-translator>=1.91.0 in /root/.pyenv/versions/3.12.4/lib/python3.12/site-packages (from cfn_lint<2.0,>=0.78.1->taskcat) (1.92.0)
Requirement already satisfied: jsonpatch in /root/.pyenv/versions/3.12.4/lib/python3.12/site-packages (from cfn_lint<2.0,>=0.78.1->taskcat) (1.33)
Requirement already satisfied: networkx<4,>=2.4 in /root/.pyenv/versions/3.12.4/lib/python3.12/site-packages (from cfn_lint<2.0,>=0.78.1->taskcat) (3.4.2)
Requirement already satisfied: sympy>=1.0.0 in /root/.pyenv/versions/3.12.4/lib/python3.12/site-packages (from cfn_lint<2.0,>=0.78.1->taskcat) (1.13.3)
Requirement already satisfied: regex in /root/.pyenv/versions/3.12.4/lib/python3.12/site-packages (from cfn_lint<2.0,>=0.78.1->taskcat) (2024.11.6)
Requirement already satisfied: typing-extensions in /root/.pyenv/versions/3.12.4/lib/python3.12/site-packages (from cfn_lint<2.0,>=0.78.1->taskcat) (4.12.2)
Collecting gitdb<5,>=4.0.1 (from GitPython>=3.1.43->taskcat)
  Downloading gitdb-4.0.11-py3-none-any.whl.metadata (1.2 kB)
Requirement already satisfied: attrs>=17.4.0 in /root/.pyenv/versions/3.12.4/lib/python3.12/site-packages (from jsonschema<4.0,>=3.0->taskcat) (24.2.0)
Collecting pyrsistent>=0.14.0 (from jsonschema<4.0,>=3.0->taskcat)
  Downloading pyrsistent-0.20.0-cp312-cp312-manylinux_2_17_x86_64.manylinux2014_x86_64.whl.metadata (27 kB)
Requirement already satisfied: six>=1.11.0 in /root/.pyenv/versions/3.12.4/lib/python3.12/site-packages (from jsonschema<4.0,>=3.0->taskcat) (1.16.0)
Collecting charset-normalizer<4,>=2 (from requests>=2.31.0->taskcat)
  Downloading charset_normalizer-3.4.0-cp312-cp312-manylinux_2_17_x86_64.manylinux2014_x86_64.whl.metadata (34 kB)
Collecting idna<4,>=2.5 (from requests>=2.31.0->taskcat)
  Downloading idna-3.10-py3-none-any.whl.metadata (10 kB)
Requirement already satisfied: certifi>=2017.4.17 in /root/.pyenv/versions/3.12.4/lib/python3.12/site-packages (from requests>=2.31.0->taskcat) (2024.8.30)
Collecting backports.shutil-get-terminal-size (from reprint->taskcat)
  Downloading backports.shutil_get_terminal_size-1.0.0-py2.py3-none-any.whl.metadata (1.2 kB)
Collecting colorama (from reprint->taskcat)
  Downloading colorama-0.4.6-py2.py3-none-any.whl.metadata (17 kB)
Requirement already satisfied: pydantic!=1.10.15,!=1.10.17,<3,>=1.8 in /root/.pyenv/versions/3.12.4/lib/python3.12/site-packages (from aws-sam-translator>=1.91.0->cfn_lint<2.0,>=0.78.1->taskcat) (2.9.2)
Collecting smmap<6,>=3.0.1 (from gitdb<5,>=4.0.1->GitPython>=3.1.43->taskcat)
  Downloading smmap-5.0.1-py3-none-any.whl.metadata (4.3 kB)
Requirement already satisfied: mpmath<1.4,>=1.1.0 in /root/.pyenv/versions/3.12.4/lib/python3.12/site-packages (from sympy>=1.0.0->cfn_lint<2.0,>=0.78.1->taskcat) (1.3.0)
Requirement already satisfied: jsonpointer>=1.9 in /root/.pyenv/versions/3.12.4/lib/python3.12/site-packages (from jsonpatch->cfn_lint<2.0,>=0.78.1->taskcat) (3.0.0)
Requirement already satisfied: annotated-types>=0.6.0 in /root/.pyenv/versions/3.12.4/lib/python3.12/site-packages (from pydantic!=1.10.15,!=1.10.17,<3,>=1.8->aws-sam-translator>=1.91.0->cfn_lint<2.0,>=0.78.1->taskcat) (0.7.0)
Requirement already satisfied: pydantic-core==2.23.4 in /root/.pyenv/versions/3.12.4/lib/python3.12/site-packages (from pydantic!=1.10.15,!=1.10.17,<3,>=1.8->aws-sam-translator>=1.91.0->cfn_lint<2.0,>=0.78.1->taskcat) (2.23.4)
Downloading taskcat-0.9.55-py3-none-any.whl (122 kB)
   ━━━━━━━━━━━━━━━━━━━━━━━━━━━━━━━━━━━━━━━━ 122.9/122.9 kB 19.6 MB/s eta 0:00:00
Downloading pathspec-0.10.3-py3-none-any.whl (29 kB)
Downloading dataclasses_jsonschema-2.15.1-py3-none-any.whl (17 kB)
Downloading docker-7.1.0-py3-none-any.whl (147 kB)
   ━━━━━━━━━━━━━━━━━━━━━━━━━━━━━━━━━━━━━━━━ 147.8/147.8 kB 24.5 MB/s eta 0:00:00
Downloading dulwich-0.22.6-cp312-cp312-manylinux_2_17_x86_64.manylinux2014_x86_64.whl (978 kB)
   ━━━━━━━━━━━━━━━━━━━━━━━━━━━━━━━━━━━━━━━━ 978.2/978.2 kB 84.8 MB/s eta 0:00:00
Downloading GitPython-3.1.43-py3-none-any.whl (207 kB)
   ━━━━━━━━━━━━━━━━━━━━━━━━━━━━━━━━━━━━━━━━ 207.3/207.3 kB 32.8 MB/s eta 0:00:00
Downloading jinja2-3.1.4-py3-none-any.whl (133 kB)
   ━━━━━━━━━━━━━━━━━━━━━━━━━━━━━━━━━━━━━━━━ 133.3/133.3 kB 23.1 MB/s eta 0:00:00
Downloading jsonschema-3.2.0-py2.py3-none-any.whl (56 kB)
   ━━━━━━━━━━━━━━━━━━━━━━━━━━━━━━━━━━━━━━━━ 56.3/56.3 kB 10.2 MB/s eta 0:00:00
Downloading PyYAML-6.0.2-cp312-cp312-manylinux_2_17_x86_64.manylinux2014_x86_64.whl (767 kB)
   ━━━━━━━━━━━━━━━━━━━━━━━━━━━━━━━━━━━━━━━━ 767.5/767.5 kB 78.4 MB/s eta 0:00:00
Downloading requests-2.32.3-py3-none-any.whl (64 kB)
   ━━━━━━━━━━━━━━━━━━━━━━━━━━━━━━━━━━━━━━━━ 64.9/64.9 kB 11.5 MB/s eta 0:00:00
Downloading tabulate-0.9.0-py3-none-any.whl (35 kB)
Downloading urllib3-1.26.20-py2.py3-none-any.whl (144 kB)
   ━━━━━━━━━━━━━━━━━━━━━━━━━━━━━━━━━━━━━━━━ 144.2/144.2 kB 23.8 MB/s eta 0:00:00
Downloading reprint-0.6.0-py2.py3-none-any.whl (6.0 kB)
Downloading charset_normalizer-3.4.0-cp312-cp312-manylinux_2_17_x86_64.manylinux2014_x86_64.whl (143 kB)
   ━━━━━━━━━━━━━━━━━━━━━━━━━━━━━━━━━━━━━━━━ 143.8/143.8 kB 24.3 MB/s eta 0:00:00
Downloading gitdb-4.0.11-py3-none-any.whl (62 kB)
   ━━━━━━━━━━━━━━━━━━━━━━━━━━━━━━━━━━━━━━━━ 62.7/62.7 kB 11.2 MB/s eta 0:00:00
Downloading idna-3.10-py3-none-any.whl (70 kB)
   ━━━━━━━━━━━━━━━━━━━━━━━━━━━━━━━━━━━━━━━━ 70.4/70.4 kB 12.3 MB/s eta 0:00:00
Downloading pyrsistent-0.20.0-cp312-cp312-manylinux_2_17_x86_64.manylinux2014_x86_64.whl (122 kB)
   ━━━━━━━━━━━━━━━━━━━━━━━━━━━━━━━━━━━━━━━━ 122.3/122.3 kB 21.3 MB/s eta 0:00:00
Downloading backports.shutil_get_terminal_size-1.0.0-py2.py3-none-any.whl (6.5 kB)
Downloading colorama-0.4.6-py2.py3-none-any.whl (25 kB)
Downloading smmap-5.0.1-py3-none-any.whl (24 kB)
Building wheels for collected packages: markupsafe, yattag
  Building wheel for markupsafe (setup.py): started
  Building wheel for markupsafe (setup.py): finished with status 'done'
  Created wheel for markupsafe: filename=MarkupSafe-2.0.1-cp312-cp312-linux_x86_64.whl size=28475 sha256=b04b5b2988c4027b152b6747d60f9161cdb8b583dc40d8a553261c41e2a98e22
  Stored in directory: /root/.cache/pip/wheels/4f/d0/53/2b4a97f61dfc68c6cc6248bfb770e2f6ff952e89a5c2696aae
  Building wheel for yattag (setup.py): started
  Building wheel for yattag (setup.py): finished with status 'done'
  Created wheel for yattag: filename=yattag-1.16.1-py3-none-any.whl size=15885 sha256=151b38bce45210bef9d013148932d0acd349e9bcc3ff7c79b11af86a6f6f5e21
  Stored in directory: /root/.cache/pip/wheels/d2/2f/52/049ff4f7c8c9c932b2ece7ec800d7facf2a141ac5ab0ce7e51
Successfully built markupsafe yattag
Installing collected packages: yattag, backports.shutil-get-terminal-size, urllib3, tabulate, smmap, PyYAML, pyrsistent, pathspec, markupsafe, idna, colorama, charset-normalizer, requests, reprint, jsonschema, jinja2, gitdb, dulwich, GitPython, docker, dataclasses-jsonschema, taskcat
  Attempting uninstall: urllib3
    Found existing installation: urllib3 2.2.3
    Uninstalling urllib3-2.2.3:
      Successfully uninstalled urllib3-2.2.3
  Attempting uninstall: PyYAML
    Found existing installation: PyYAML 5.4.1
    Uninstalling PyYAML-5.4.1:
      Successfully uninstalled PyYAML-5.4.1
  Attempting uninstall: jsonschema
    Found existing installation: jsonschema 4.23.0
    Uninstalling jsonschema-4.23.0:
      Successfully uninstalled jsonschema-4.23.0
Successfully installed GitPython-3.1.43 PyYAML-6.0.2 backports.shutil-get-terminal-size-1.0.0 charset-normalizer-3.4.0 colorama-0.4.6 dataclasses-jsonschema-2.15.1 docker-7.1.0 dulwich-0.22.6 gitdb-4.0.11 idna-3.10 jinja2-3.1.4 jsonschema-3.2.0 markupsafe-2.0.1 pathspec-0.10.3 pyrsistent-0.20.0 reprint-0.6.0 requests-2.32.3 smmap-5.0.1 tabulate-0.9.0 taskcat-0.9.55 urllib3-1.26.20 yattag-1.16.1
WARNING: Running pip as the 'root' user can result in broken permissions and conflicting behaviour with the system package manager. It is recommended to use a virtual environment instead: https://pip.pypa.io/warnings/venv

[notice] A new release of pip is available: 24.0 -> 24.3.1
[notice] To update, run: pip install --upgrade pip

[Container] 2024/11/18 03:33:02.149985 Running command echo "taskcat version:"
taskcat version:

[Container] 2024/11/18 03:33:02.156828 Running command taskcat --version
 _            _             _   
| |_ __ _ ___| | _____ __ _| |_ 
| __/ _` / __| |/ / __/ _` | __|
| || (_| \__ \   < (_| (_| | |_ 
 \__\__,_|___/_|\_\___\__,_|\__|
                                


version 0.9.55
0.9.55

[Container] 2024/11/18 03:33:03.388776 Phase complete: INSTALL State: SUCCEEDED
[Container] 2024/11/18 03:33:03.388799 Phase context status code:  Message: 
[Container] 2024/11/18 03:33:03.426870 Entering phase PRE_BUILD
[Container] 2024/11/18 03:33:03.429303 Phase complete: PRE_BUILD State: SUCCEEDED
[Container] 2024/11/18 03:33:03.429318 Phase context status code:  Message: 
[Container] 2024/11/18 03:33:03.465182 Entering phase BUILD
[Container] 2024/11/18 03:33:03.465984 Running command echo Running cfn-lint to validate CloudFormation template
Running cfn-lint to validate CloudFormation template

[Container] 2024/11/18 03:33:03.473202 Running command cfn-lint Group25.yaml

[Container] 2024/11/18 03:33:04.755600 Running command echo Running Taskcat to test CloudFormation template
Running Taskcat to test CloudFormation template

[Container] 2024/11/18 03:33:04.762882 Running command taskcat test run -d > taskcat_output.log || echo Taskcat failed
 _            _             _   
| |_ __ _ ___| | _____ __ _| |_ 
| __/ _` / __| |/ / __/ _` | __|
| || (_| \__ \   < (_| (_| | |_ 
 \__\__,_|___/_|\_\___\__,_|\__|
                                


version 0.9.55
[INFO   ] : Linting passed for file: /codebuild/output/src2040884540/src/github.com/Rozkboy/Devops.Lab02/Group25.yaml
[S3: -> ] s3://tcat-group25-project-zyv1wj6i/group25-project/Group25.yaml
[S3: -> ] s3://tcat-group25-project-zyv1wj6i/group25-project/buildspec.yml
[S3: -> ] s3://tcat-group25-project-zyv1wj6i/group25-project/taskcat_output.log
[INFO   ] : ┏ stack Ⓜ group25-public-subnet
[INFO   ] : ┣ region: us-east-1
[INFO   ] : ┗ status: CREATE_COMPLETE 
[INFO   ] : ┏ stack Ⓜ group25-private-subnet
[INFO   ] : ┣ region: us-east-1
[INFO   ] : ┗ status: CREATE_COMPLETE 
[INFO   ] : ┏ stack Ⓜ group25-vpc
[INFO   ] : ┣ region: us-east-1
[INFO   ] : ┗ status: CREATE_COMPLETE 
[INFO   ] : Reporting on arn:aws:cloudformation:us-east-1:977099000351:stack/group25-public-subnet/d4577e20-a55d-11ef-8864-12178398f891
[INFO   ] : Reporting on arn:aws:cloudformation:us-east-1:977099000351:stack/group25-private-subnet/d453ad90-a55d-11ef-9f8b-0affd620e14d
[INFO   ] : Reporting on arn:aws:cloudformation:us-east-1:977099000351:stack/group25-vpc/d458b6a0-a55d-11ef-9647-12d32b2cc3db
[INFO   ] : Deleting stack: arn:aws:cloudformation:us-east-1:977099000351:stack/group25-public-subnet/d4577e20-a55d-11ef-8864-12178398f891
[INFO   ] : Deleting stack: arn:aws:cloudformation:us-east-1:977099000351:stack/group25-private-subnet/d453ad90-a55d-11ef-9f8b-0affd620e14d
[INFO   ] : Deleting stack: arn:aws:cloudformation:us-east-1:977099000351:stack/group25-vpc/d458b6a0-a55d-11ef-9647-12d32b2cc3db

[Container] 2024/11/18 03:36:15.363186 Running command echo Contents of taskcat_output.log
Contents of taskcat_output.log

[Container] 2024/11/18 03:36:15.370177 Running command cat taskcat_output.log
Not in terminal, reprint now using normal build-in print function.

         ┏ stack Ⓜ group25-public-subnet
         ┣ region: us-east-1
         ┗ status: CREATE_IN_PROGRESS
         ┏ stack Ⓜ group25-private-subnet
         ┣ region: us-east-1
         ┗ status: CREATE_IN_PROGRESS
         ┏ stack Ⓜ group25-vpc
         ┣ region: us-east-1
         ┗ status: CREATE_IN_PROGRESS
         ┏ stack Ⓜ group25-public-subnet
         ┣ region: us-east-1
         ┗ status: CREATE_IN_PROGRESS
         ┏ stack Ⓜ group25-private-subnet
         ┣ region: us-east-1
         ┗ status: CREATE_IN_PROGRESS
         ┏ stack Ⓜ group25-vpc
         ┣ region: us-east-1
         ┗ status: CREATE_IN_PROGRESS
         ┏ stack Ⓜ group25-public-subnet
         ┣ region: us-east-1
         ┗ status: CREATE_IN_PROGRESS
         ┏ stack Ⓜ group25-private-subnet
         ┣ region: us-east-1
         ┗ status: CREATE_IN_PROGRESS
         ┏ stack Ⓜ group25-vpc
         ┣ region: us-east-1
         ┗ status: CREATE_IN_PROGRESS
         ┏ stack Ⓜ group25-public-subnet
         ┣ region: us-east-1
         ┗ status: CREATE_IN_PROGRESS
         ┏ stack Ⓜ group25-private-subnet
         ┣ region: us-east-1
         ┗ status: CREATE_IN_PROGRESS
         ┏ stack Ⓜ group25-vpc
         ┣ region: us-east-1
         ┗ status: CREATE_IN_PROGRESS
         ┏ stack Ⓜ group25-public-subnet
         ┣ region: us-east-1
         ┗ status: CREATE_IN_PROGRESS
         ┏ stack Ⓜ group25-private-subnet
         ┣ region: us-east-1
         ┗ status: CREATE_IN_PROGRESS
         ┏ stack Ⓜ group25-vpc
         ┣ region: us-east-1
         ┗ status: CREATE_IN_PROGRESS
         ┏ stack Ⓜ group25-public-subnet
         ┣ region: us-east-1
         ┗ status: CREATE_IN_PROGRESS
         ┏ stack Ⓜ group25-private-subnet
         ┣ region: us-east-1
         ┗ status: CREATE_IN_PROGRESS
         ┏ stack Ⓜ group25-vpc
         ┣ region: us-east-1
         ┗ status: CREATE_IN_PROGRESS
         ┏ stack Ⓜ group25-public-subnet
         ┣ region: us-east-1
         ┗ status: CREATE_IN_PROGRESS
         ┏ stack Ⓜ group25-private-subnet
         ┣ region: us-east-1
         ┗ status: CREATE_IN_PROGRESS
         ┏ stack Ⓜ group25-vpc
         ┣ region: us-east-1
         ┗ status: CREATE_IN_PROGRESS
         ┏ stack Ⓜ group25-public-subnet
         ┣ region: us-east-1
         ┗ status: CREATE_IN_PROGRESS
         ┏ stack Ⓜ group25-private-subnet
         ┣ region: us-east-1
         ┗ status: CREATE_IN_PROGRESS
         ┏ stack Ⓜ group25-vpc
         ┣ region: us-east-1
         ┗ status: CREATE_IN_PROGRESS
         ┏ stack Ⓜ group25-public-subnet
         ┣ region: us-east-1
         ┗ status: CREATE_IN_PROGRESS
         ┏ stack Ⓜ group25-private-subnet
         ┣ region: us-east-1
         ┗ status: CREATE_IN_PROGRESS
         ┏ stack Ⓜ group25-vpc
         ┣ region: us-east-1
         ┗ status: CREATE_IN_PROGRESS
         ┏ stack Ⓜ group25-public-subnet
         ┣ region: us-east-1
         ┗ status: CREATE_IN_PROGRESS
         ┏ stack Ⓜ group25-private-subnet
         ┣ region: us-east-1
         ┗ status: CREATE_IN_PROGRESS
         ┏ stack Ⓜ group25-vpc
         ┣ region: us-east-1
         ┗ status: CREATE_IN_PROGRESS
         ┏ stack Ⓜ group25-public-subnet
         ┣ region: us-east-1
         ┗ status: CREATE_IN_PROGRESS
         ┏ stack Ⓜ group25-private-subnet
         ┣ region: us-east-1
         ┗ status: CREATE_IN_PROGRESS
         ┏ stack Ⓜ group25-vpc
         ┣ region: us-east-1
         ┗ status: CREATE_IN_PROGRESS
         ┏ stack Ⓜ group25-public-subnet
         ┣ region: us-east-1
         ┗ status: CREATE_IN_PROGRESS
         ┏ stack Ⓜ group25-private-subnet
         ┣ region: us-east-1
         ┗ status: CREATE_IN_PROGRESS
         ┏ stack Ⓜ group25-vpc
         ┣ region: us-east-1
         ┗ status: CREATE_IN_PROGRESS
         ┏ stack Ⓜ group25-public-subnet
         ┣ region: us-east-1
         ┗ status: CREATE_IN_PROGRESS
         ┏ stack Ⓜ group25-private-subnet
         ┣ region: us-east-1
         ┗ status: CREATE_IN_PROGRESS
         ┏ stack Ⓜ group25-vpc
         ┣ region: us-east-1
         ┗ status: CREATE_COMPLETE
         ┏ stack Ⓜ group25-public-subnet
         ┣ region: us-east-1
         ┗ status: CREATE_IN_PROGRESS
         ┏ stack Ⓜ group25-private-subnet
         ┣ region: us-east-1
         ┗ status: CREATE_IN_PROGRESS
         ┏ stack Ⓜ group25-vpc
         ┣ region: us-east-1
         ┗ status: CREATE_COMPLETE
         ┏ stack Ⓜ group25-public-subnet
         ┣ region: us-east-1
         ┗ status: CREATE_IN_PROGRESS
         ┏ stack Ⓜ group25-private-subnet
         ┣ region: us-east-1
         ┗ status: CREATE_IN_PROGRESS
         ┏ stack Ⓜ group25-vpc
         ┣ region: us-east-1
         ┗ status: CREATE_COMPLETE
         ┏ stack Ⓜ group25-public-subnet
         ┣ region: us-east-1
         ┗ status: CREATE_IN_PROGRESS
         ┏ stack Ⓜ group25-private-subnet
         ┣ region: us-east-1
         ┗ status: CREATE_IN_PROGRESS
         ┏ stack Ⓜ group25-vpc
         ┣ region: us-east-1
         ┗ status: CREATE_COMPLETE
         ┏ stack Ⓜ group25-public-subnet
         ┣ region: us-east-1
         ┗ status: CREATE_IN_PROGRESS
         ┏ stack Ⓜ group25-private-subnet
         ┣ region: us-east-1
         ┗ status: CREATE_IN_PROGRESS
         ┏ stack Ⓜ group25-vpc
         ┣ region: us-east-1
         ┗ status: CREATE_COMPLETE
         ┏ stack Ⓜ group25-public-subnet
         ┣ region: us-east-1
         ┗ status: CREATE_IN_PROGRESS
         ┏ stack Ⓜ group25-private-subnet
         ┣ region: us-east-1
         ┗ status: CREATE_IN_PROGRESS
         ┏ stack Ⓜ group25-vpc
         ┣ region: us-east-1
         ┗ status: CREATE_COMPLETE

[Container] 2024/11/18 03:36:15.378037 Running command ls -l
total 24
-rw-r--r-- 1 root root 4622 Nov 18 03:32 Group25.yaml
-rw-r--r-- 1 root root   14 Nov 18 03:32 README.md
-rw-r--r-- 1 root root  884 Nov 18 03:32 buildspec.yml
-rw-r--r-- 1 root root 6152 Nov 18 03:36 taskcat_output.log
drwxr-xr-x 2 root root  168 Nov 18 03:36 taskcat_outputs

[Container] 2024/11/18 03:36:15.385768 Phase complete: BUILD State: SUCCEEDED
[Container] 2024/11/18 03:36:15.385782 Phase context status code:  Message: 
[Container] 2024/11/18 03:36:15.442897 Entering phase POST_BUILD
[Container] 2024/11/18 03:36:15.444934 Phase complete: POST_BUILD State: SUCCEEDED
[Container] 2024/11/18 03:36:15.444994 Phase context status code:  Message: 
[Container] 2024/11/18 03:36:15.715904 Set report auto-discover timeout to 5 seconds
[Container] 2024/11/18 03:36:15.715956 Expanding base directory path:  .
[Container] 2024/11/18 03:36:15.719782 Assembling file list
[Container] 2024/11/18 03:36:15.719799 Expanding .
[Container] 2024/11/18 03:36:15.723112 Expanding file paths for base directory .
[Container] 2024/11/18 03:36:15.723127 Assembling file list
[Container] 2024/11/18 03:36:15.723131 Expanding **/*
[Container] 2024/11/18 03:36:15.726633 No matching auto-discover report paths found
[Container] 2024/11/18 03:36:15.726653 Report auto-discover file discovery took 0.010748 seconds
[Container] 2024/11/18 03:36:15.726677 Phase complete: UPLOAD_ARTIFACTS State: SUCCEEDED
[Container] 2024/11/18 03:36:15.726692 Phase context status code:  Message: 
